Connecting to database specified by database.yml
  [1m[36m (0.5ms)[0m  [1mselect sqlite_version(*)[0m
  [1m[35m (81.0ms)[0m  CREATE TABLE "schema_migrations" ("version" varchar(255) NOT NULL) 
  [1m[36m (0.0ms)[0m  [1mPRAGMA index_list("schema_migrations")[0m
  [1m[35m (58.0ms)[0m  CREATE UNIQUE INDEX "unique_schema_migrations" ON "schema_migrations" ("version")
  [1m[36m (0.0ms)[0m  [1mselect sqlite_version(*)[0m
  [1m[35m (0.0ms)[0m  SELECT "schema_migrations"."version" FROM "schema_migrations" 


Started GET "/assets/rails.png" for 127.0.0.1 at 2012-12-11 16:50:37 +0200
Connecting to database specified by database.yml
Served asset /rails.png - 200 OK (18ms)


Started GET "/rails/info/properties" for 127.0.0.1 at 2012-12-11 16:50:40 +0200
  [1m[36m (0.0ms)[0m  [1mSELECT "schema_migrations"."version" FROM "schema_migrations" [0m
Processing by Rails::InfoController#properties as */*
  Rendered inline template (58.5ms)
Completed 200 OK in 190ms (Views: 189.0ms | ActiveRecord: 0.0ms)


Started GET "/home" for 127.0.0.1 at 2012-12-11 16:54:40 +0200

ActionController::RoutingError (No route matches [GET] "/home"):
  actionpack (3.2.8) lib/action_dispatch/middleware/debug_exceptions.rb:21:in `call'
  actionpack (3.2.8) lib/action_dispatch/middleware/show_exceptions.rb:56:in `call'
  railties (3.2.8) lib/rails/rack/logger.rb:26:in `call_app'
  railties (3.2.8) lib/rails/rack/logger.rb:16:in `call'
  actionpack (3.2.8) lib/action_dispatch/middleware/request_id.rb:22:in `call'
  rack (1.4.1) lib/rack/methodoverride.rb:21:in `call'
  rack (1.4.1) lib/rack/runtime.rb:17:in `call'
  activesupport (3.2.8) lib/active_support/cache/strategy/local_cache.rb:72:in `call'
  rack (1.4.1) lib/rack/lock.rb:15:in `call'
  actionpack (3.2.8) lib/action_dispatch/middleware/static.rb:62:in `call'
  railties (3.2.8) lib/rails/engine.rb:479:in `call'
  railties (3.2.8) lib/rails/application.rb:223:in `call'
  rack (1.4.1) lib/rack/content_length.rb:14:in `call'
  railties (3.2.8) lib/rails/rack/log_tailer.rb:17:in `call'
  rack (1.4.1) lib/rack/handler/webrick.rb:59:in `service'
  C:/Ruby192/lib/ruby/1.9.1/webrick/httpserver.rb:111:in `service'
  C:/Ruby192/lib/ruby/1.9.1/webrick/httpserver.rb:70:in `run'
  C:/Ruby192/lib/ruby/1.9.1/webrick/server.rb:183:in `block in start_thread'


  Rendered C:/Ruby192/lib/ruby/gems/1.9.1/gems/actionpack-3.2.8/lib/action_dispatch/middleware/templates/rescues/routing_error.erb within rescues/layout (0.5ms)


Started GET "/home/index" for 127.0.0.1 at 2012-12-11 17:01:58 +0200

ActionController::RoutingError (No route matches [GET] "/home/index"):
  actionpack (3.2.8) lib/action_dispatch/middleware/debug_exceptions.rb:21:in `call'
  actionpack (3.2.8) lib/action_dispatch/middleware/show_exceptions.rb:56:in `call'
  railties (3.2.8) lib/rails/rack/logger.rb:26:in `call_app'
  railties (3.2.8) lib/rails/rack/logger.rb:16:in `call'
  actionpack (3.2.8) lib/action_dispatch/middleware/request_id.rb:22:in `call'
  rack (1.4.1) lib/rack/methodoverride.rb:21:in `call'
  rack (1.4.1) lib/rack/runtime.rb:17:in `call'
  activesupport (3.2.8) lib/active_support/cache/strategy/local_cache.rb:72:in `call'
  rack (1.4.1) lib/rack/lock.rb:15:in `call'
  actionpack (3.2.8) lib/action_dispatch/middleware/static.rb:62:in `call'
  railties (3.2.8) lib/rails/engine.rb:479:in `call'
  railties (3.2.8) lib/rails/application.rb:223:in `call'
  rack (1.4.1) lib/rack/content_length.rb:14:in `call'
  railties (3.2.8) lib/rails/rack/log_tailer.rb:17:in `call'
  rack (1.4.1) lib/rack/handler/webrick.rb:59:in `service'
  C:/Ruby192/lib/ruby/1.9.1/webrick/httpserver.rb:111:in `service'
  C:/Ruby192/lib/ruby/1.9.1/webrick/httpserver.rb:70:in `run'
  C:/Ruby192/lib/ruby/1.9.1/webrick/server.rb:183:in `block in start_thread'


  Rendered C:/Ruby192/lib/ruby/gems/1.9.1/gems/actionpack-3.2.8/lib/action_dispatch/middleware/templates/rescues/routing_error.erb within rescues/layout (0.5ms)


Started GET "/assets/rails.png" for 127.0.0.1 at 2012-12-11 17:01:58 +0200
Served asset /rails.png - 304 Not Modified (0ms)


Started GET "/assets/rails.png" for 127.0.0.1 at 2012-12-11 17:01:58 +0200
Served asset /rails.png - 200 OK (0ms)


Started GET "/" for 127.0.0.1 at 2012-12-11 17:01:58 +0200
Processing by HomeController#index as HTML
  Rendered home/index.html.erb within layouts/application (0.0ms)
Compiled home.css  (48ms)  (pid 1668)
Compiled application.css  (83ms)  (pid 1668)
Compiled jquery.js  (6ms)  (pid 1668)
Compiled jquery_ujs.js  (12ms)  (pid 1668)
Compiled home.js  (1966ms)  (pid 1668)
Compiled application.js  (2099ms)  (pid 1668)
Completed 200 OK in 2254ms (Views: 2253.5ms | ActiveRecord: 0.0ms)


Started GET "/" for 127.0.0.1 at 2012-12-11 17:02:00 +0200
Processing by HomeController#index as HTML
  Rendered home/index.html.erb within layouts/application (0.0ms)
Completed 200 OK in 7ms (Views: 6.5ms | ActiveRecord: 0.0ms)


Started GET "/" for 127.0.0.1 at 2012-12-11 17:02:39 +0200
Connecting to database specified by database.yml
Processing by HomeController#index as HTML
  Rendered home/index.html.erb within layouts/application (32.0ms)
Completed 200 OK in 189ms (Views: 188.5ms | ActiveRecord: 0.0ms)


Started GET "/assets/home.css?body=1" for 127.0.0.1 at 2012-12-11 17:02:42 +0200
Served asset /home.css - 304 Not Modified (2ms)


Started GET "/assets/jquery.js?body=1" for 127.0.0.1 at 2012-12-11 17:02:42 +0200
Served asset /jquery.js - 200 OK (15ms)


Started GET "/assets/application.css?body=1" for 127.0.0.1 at 2012-12-11 17:02:42 +0200
Served asset /application.css - 200 OK (4ms)


Started GET "/assets/application.js?body=1" for 127.0.0.1 at 2012-12-11 17:02:42 +0200
Served asset /application.js - 200 OK (5ms)


Started GET "/assets/home.js?body=1" for 127.0.0.1 at 2012-12-11 17:02:42 +0200
Served asset /home.js - 304 Not Modified (1ms)


Started GET "/assets/jquery_ujs.js?body=1" for 127.0.0.1 at 2012-12-11 17:02:42 +0200
Served asset /jquery_ujs.js - 304 Not Modified (3ms)
Connecting to database specified by database.yml
Connecting to database specified by database.yml
  [1m[36m (0.5ms)[0m  [1mSELECT "schema_migrations"."version" FROM "schema_migrations" [0m
Migrating to DeviseCreateUsers (20121211165130)
  [1m[35m (0.0ms)[0m  select sqlite_version(*)
  [1m[36m (0.0ms)[0m  [1mbegin transaction[0m
  [1m[35m (1.0ms)[0m  CREATE TABLE "users" ("id" INTEGER PRIMARY KEY AUTOINCREMENT NOT NULL, "email" varchar(255) DEFAULT '' NOT NULL, "encrypted_password" varchar(255) DEFAULT '' NOT NULL, "reset_password_token" varchar(255), "reset_password_sent_at" datetime, "remember_created_at" datetime, "sign_in_count" integer DEFAULT 0, "current_sign_in_at" datetime, "last_sign_in_at" datetime, "current_sign_in_ip" varchar(255), "last_sign_in_ip" varchar(255), "created_at" datetime NOT NULL, "updated_at" datetime NOT NULL) 
  [1m[36m (0.0ms)[0m  [1mPRAGMA index_list("users")[0m
  [1m[35m (0.5ms)[0m  CREATE UNIQUE INDEX "index_users_on_email" ON "users" ("email")
  [1m[36m (0.0ms)[0m  [1mPRAGMA index_list("users")[0m
  [1m[35m (0.0ms)[0m  PRAGMA index_info('index_users_on_email')
  [1m[36m (0.0ms)[0m  [1mCREATE UNIQUE INDEX "index_users_on_reset_password_token" ON "users" ("reset_password_token")[0m
  [1m[35m (0.5ms)[0m  INSERT INTO "schema_migrations" ("version") VALUES ('20121211165130')
  [1m[36m (91.0ms)[0m  [1mcommit transaction[0m
  [1m[35m (0.5ms)[0m  select sqlite_version(*)
  [1m[36m (0.0ms)[0m  [1mSELECT "schema_migrations"."version" FROM "schema_migrations" [0m
  [1m[35m (0.0ms)[0m  PRAGMA index_list("users")
  [1m[36m (0.0ms)[0m  [1mPRAGMA index_info('index_users_on_reset_password_token')[0m
  [1m[35m (0.0ms)[0m  PRAGMA index_info('index_users_on_email')
Connecting to database specified by database.yml


Started GET "/" for 127.0.0.1 at 2012-12-11 18:56:58 +0200
Processing by HomeController#index as HTML
  Rendered home/index.html.erb within layouts/application (54.0ms)
Completed 200 OK in 544ms (Views: 544.1ms | ActiveRecord: 0.0ms)


Started GET "/assets/home.css?body=1" for 127.0.0.1 at 2012-12-11 18:56:59 +0200
Served asset /home.css - 304 Not Modified (4ms)


Started GET "/assets/application.css?body=1" for 127.0.0.1 at 2012-12-11 18:56:59 +0200
Served asset /application.css - 304 Not Modified (3ms)


Started GET "/assets/jquery_ujs.js?body=1" for 127.0.0.1 at 2012-12-11 18:56:59 +0200
Served asset /jquery_ujs.js - 304 Not Modified (2ms)


Started GET "/assets/home.js?body=1" for 127.0.0.1 at 2012-12-11 18:56:59 +0200
Served asset /home.js - 304 Not Modified (2ms)


Started GET "/assets/application.js?body=1" for 127.0.0.1 at 2012-12-11 18:56:59 +0200
Served asset /application.js - 304 Not Modified (4ms)


Started GET "/assets/jquery.js?body=1" for 127.0.0.1 at 2012-12-11 18:56:59 +0200
Served asset /jquery.js - 304 Not Modified (3ms)


Started GET "/users/sign_in" for 127.0.0.1 at 2012-12-11 18:57:22 +0200
Processing by Devise::SessionsController#new as HTML
  Rendered C:/Ruby192/lib/ruby/gems/1.9.1/gems/devise-2.1.2/app/views/devise/shared/_links.erb (1.0ms)
  Rendered C:/Ruby192/lib/ruby/gems/1.9.1/gems/devise-2.1.2/app/views/devise/sessions/new.html.erb within layouts/application (120.0ms)
Completed 200 OK in 493ms (Views: 140.5ms | ActiveRecord: 24.5ms)


Started GET "/assets/home.js?body=1" for 127.0.0.1 at 2012-12-11 18:57:23 +0200
Served asset /home.js - 304 Not Modified (0ms)


Started GET "/assets/application.js?body=1" for 127.0.0.1 at 2012-12-11 18:57:23 +0200
Served asset /application.js - 304 Not Modified (0ms)


Started GET "/assets/jquery_ujs.js?body=1" for 127.0.0.1 at 2012-12-11 18:57:23 +0200
Served asset /jquery_ujs.js - 304 Not Modified (0ms)


Started GET "/assets/jquery.js?body=1" for 127.0.0.1 at 2012-12-11 18:57:23 +0200
Served asset /jquery.js - 304 Not Modified (0ms)


Started GET "/assets/application.css?body=1" for 127.0.0.1 at 2012-12-11 18:57:23 +0200
Served asset /application.css - 304 Not Modified (0ms)


Started GET "/assets/home.css?body=1" for 127.0.0.1 at 2012-12-11 18:57:23 +0200
Served asset /home.css - 304 Not Modified (0ms)


Started POST "/users/sign_in" for 127.0.0.1 at 2012-12-11 18:57:38 +0200
Processing by Devise::SessionsController#create as HTML
  Parameters: {"utf8"=>"✓", "authenticity_token"=>"Zt9VgaaR4RybAUGtUBmUDL9sRCbnhocdmJVZgYebm40=", "user"=>{"email"=>"asdasd@asd.asd", "password"=>"[FILTERED]", "remember_me"=>"0"}, "commit"=>"Sign in"}
  [1m[36mUser Load (0.5ms)[0m  [1mSELECT "users".* FROM "users" WHERE "users"."email" = 'asdasd@asd.asd' LIMIT 1[0m
Completed 401 Unauthorized in 128ms
Processing by Devise::SessionsController#new as HTML
  Parameters: {"utf8"=>"✓", "authenticity_token"=>"Zt9VgaaR4RybAUGtUBmUDL9sRCbnhocdmJVZgYebm40=", "user"=>{"email"=>"asdasd@asd.asd", "password"=>"[FILTERED]", "remember_me"=>"0"}, "commit"=>"Sign in"}
  Rendered C:/Ruby192/lib/ruby/gems/1.9.1/gems/devise-2.1.2/app/views/devise/shared/_links.erb (0.5ms)
  Rendered C:/Ruby192/lib/ruby/gems/1.9.1/gems/devise-2.1.2/app/views/devise/sessions/new.html.erb within layouts/application (4.0ms)
Completed 200 OK in 91ms (Views: 13.0ms | ActiveRecord: 0.0ms)


Started GET "/assets/application.css?body=1" for 127.0.0.1 at 2012-12-11 18:57:38 +0200
Served asset /application.css - 304 Not Modified (0ms)


Started GET "/assets/jquery.js?body=1" for 127.0.0.1 at 2012-12-11 18:57:38 +0200
Served asset /jquery.js - 304 Not Modified (0ms)


Started GET "/assets/application.js?body=1" for 127.0.0.1 at 2012-12-11 18:57:38 +0200
Served asset /application.js - 304 Not Modified (0ms)


Started GET "/assets/jquery_ujs.js?body=1" for 127.0.0.1 at 2012-12-11 18:57:38 +0200
Served asset /jquery_ujs.js - 304 Not Modified (0ms)


Started GET "/assets/home.js?body=1" for 127.0.0.1 at 2012-12-11 18:57:38 +0200
Served asset /home.js - 304 Not Modified (0ms)


Started GET "/assets/home.css?body=1" for 127.0.0.1 at 2012-12-11 18:57:38 +0200
Served asset /home.css - 304 Not Modified (0ms)


Started GET "/users/sign_up" for 127.0.0.1 at 2012-12-11 18:57:39 +0200
Processing by Devise::RegistrationsController#new as HTML
  Rendered C:/Ruby192/lib/ruby/gems/1.9.1/gems/devise-2.1.2/app/views/devise/shared/_links.erb (0.5ms)
  Rendered C:/Ruby192/lib/ruby/gems/1.9.1/gems/devise-2.1.2/app/views/devise/registrations/new.html.erb within layouts/application (4.5ms)
Completed 200 OK in 23ms (Views: 22.5ms | ActiveRecord: 0.0ms)


Started GET "/assets/application.js?body=1" for 127.0.0.1 at 2012-12-11 18:57:40 +0200
Served asset /application.js - 304 Not Modified (0ms)


Started GET "/assets/jquery_ujs.js?body=1" for 127.0.0.1 at 2012-12-11 18:57:40 +0200
Served asset /jquery_ujs.js - 304 Not Modified (0ms)


Started GET "/assets/home.js?body=1" for 127.0.0.1 at 2012-12-11 18:57:40 +0200
Served asset /home.js - 304 Not Modified (0ms)


Started GET "/assets/home.css?body=1" for 127.0.0.1 at 2012-12-11 18:57:40 +0200
Served asset /home.css - 304 Not Modified (0ms)


Started GET "/assets/application.css?body=1" for 127.0.0.1 at 2012-12-11 18:57:40 +0200
Served asset /application.css - 304 Not Modified (0ms)


Started GET "/assets/jquery.js?body=1" for 127.0.0.1 at 2012-12-11 18:57:40 +0200
Served asset /jquery.js - 304 Not Modified (0ms)


Started POST "/users" for 127.0.0.1 at 2012-12-11 18:57:57 +0200
Processing by Devise::RegistrationsController#create as HTML
  Parameters: {"utf8"=>"✓", "authenticity_token"=>"Zt9VgaaR4RybAUGtUBmUDL9sRCbnhocdmJVZgYebm40=", "user"=>{"email"=>"exe.shka.exe@gmail.com", "password"=>"[FILTERED]", "password_confirmation"=>"[FILTERED]"}, "commit"=>"Sign up"}
  [1m[35m (0.0ms)[0m  begin transaction
  [1m[36mUser Exists (0.5ms)[0m  [1mSELECT 1 AS one FROM "users" WHERE "users"."email" = 'exe.shka.exe@gmail.com' LIMIT 1[0m
  [1m[35m (0.0ms)[0m  rollback transaction
  Rendered C:/Ruby192/lib/ruby/gems/1.9.1/gems/devise-2.1.2/app/views/devise/shared/_links.erb (0.0ms)
  Rendered C:/Ruby192/lib/ruby/gems/1.9.1/gems/devise-2.1.2/app/views/devise/registrations/new.html.erb within layouts/application (4.5ms)
Completed 200 OK in 448ms (Views: 13.5ms | ActiveRecord: 0.0ms)


Started GET "/assets/application.js?body=1" for 127.0.0.1 at 2012-12-11 18:57:58 +0200
Served asset /application.js - 304 Not Modified (0ms)


Started GET "/assets/jquery.js?body=1" for 127.0.0.1 at 2012-12-11 18:57:58 +0200
Served asset /jquery.js - 304 Not Modified (0ms)


Started GET "/assets/jquery_ujs.js?body=1" for 127.0.0.1 at 2012-12-11 18:57:58 +0200
Served asset /jquery_ujs.js - 304 Not Modified (0ms)


Started GET "/assets/home.js?body=1" for 127.0.0.1 at 2012-12-11 18:57:58 +0200
Served asset /home.js - 304 Not Modified (0ms)


Started GET "/assets/home.css?body=1" for 127.0.0.1 at 2012-12-11 18:57:58 +0200
Served asset /home.css - 304 Not Modified (0ms)


Started GET "/assets/application.css?body=1" for 127.0.0.1 at 2012-12-11 18:57:58 +0200
Served asset /application.css - 304 Not Modified (0ms)


Started POST "/users" for 127.0.0.1 at 2012-12-11 18:58:11 +0200
Processing by Devise::RegistrationsController#create as HTML
  Parameters: {"utf8"=>"✓", "authenticity_token"=>"Zt9VgaaR4RybAUGtUBmUDL9sRCbnhocdmJVZgYebm40=", "user"=>{"email"=>"exe.shka.exe@gmail.com", "password"=>"[FILTERED]", "password_confirmation"=>"[FILTERED]"}, "commit"=>"Sign up"}
  [1m[36m (0.0ms)[0m  [1mbegin transaction[0m
  [1m[35mUser Exists (0.5ms)[0m  SELECT 1 AS one FROM "users" WHERE "users"."email" = 'exe.shka.exe@gmail.com' LIMIT 1
Binary data inserted for `string` type on column `encrypted_password`
  [1m[36mSQL (61.5ms)[0m  [1mINSERT INTO "users" ("created_at", "current_sign_in_at", "current_sign_in_ip", "email", "encrypted_password", "last_sign_in_at", "last_sign_in_ip", "remember_created_at", "reset_password_sent_at", "reset_password_token", "sign_in_count", "updated_at") VALUES (?, ?, ?, ?, ?, ?, ?, ?, ?, ?, ?, ?)[0m  [["created_at", Tue, 11 Dec 2012 16:58:11 UTC +00:00], ["current_sign_in_at", nil], ["current_sign_in_ip", nil], ["email", "exe.shka.exe@gmail.com"], ["encrypted_password", "$2a$10$lnRZZQwuFCFUsWP6VHOJMONpZGkLstNrdGpGDBD3K7kid4S9hZkQW"], ["last_sign_in_at", nil], ["last_sign_in_ip", nil], ["remember_created_at", nil], ["reset_password_sent_at", nil], ["reset_password_token", nil], ["sign_in_count", 0], ["updated_at", Tue, 11 Dec 2012 16:58:11 UTC +00:00]]
  [1m[35m (79.0ms)[0m  commit transaction
  [1m[36m (0.0ms)[0m  [1mbegin transaction[0m
  [1m[35m (0.5ms)[0m  UPDATE "users" SET "last_sign_in_at" = '2012-12-11 16:58:11.448045', "current_sign_in_at" = '2012-12-11 16:58:11.448045', "last_sign_in_ip" = '127.0.0.1', "current_sign_in_ip" = '127.0.0.1', "sign_in_count" = 1, "updated_at" = '2012-12-11 16:58:11.448545' WHERE "users"."id" = 1
  [1m[36m (55.0ms)[0m  [1mcommit transaction[0m
Redirected to http://localhost:3000/
Completed 302 Found in 284ms (ActiveRecord: 0.0ms)


Started GET "/" for 127.0.0.1 at 2012-12-11 18:58:11 +0200
Processing by HomeController#index as HTML
  Rendered home/index.html.erb within layouts/application (0.0ms)
  [1m[35mUser Load (0.5ms)[0m  SELECT "users".* FROM "users" WHERE "users"."id" = 1 LIMIT 1
Completed 200 OK in 8ms (Views: 7.5ms | ActiveRecord: 0.5ms)


Started GET "/assets/home.js?body=1" for 127.0.0.1 at 2012-12-11 18:58:11 +0200
Served asset /home.js - 304 Not Modified (0ms)


Started GET "/assets/application.js?body=1" for 127.0.0.1 at 2012-12-11 18:58:11 +0200
Served asset /application.js - 304 Not Modified (0ms)


Started GET "/assets/jquery_ujs.js?body=1" for 127.0.0.1 at 2012-12-11 18:58:11 +0200
Served asset /jquery_ujs.js - 304 Not Modified (0ms)


Started GET "/assets/jquery.js?body=1" for 127.0.0.1 at 2012-12-11 18:58:11 +0200
Served asset /jquery.js - 304 Not Modified (0ms)


Started GET "/assets/home.css?body=1" for 127.0.0.1 at 2012-12-11 18:58:11 +0200
Served asset /home.css - 304 Not Modified (0ms)


Started GET "/assets/application.css?body=1" for 127.0.0.1 at 2012-12-11 18:58:11 +0200
Served asset /application.css - 304 Not Modified (0ms)


Started DELETE "/users/sign_out" for 127.0.0.1 at 2012-12-11 18:58:22 +0200
Processing by Devise::SessionsController#destroy as HTML
  Parameters: {"authenticity_token"=>"Zt9VgaaR4RybAUGtUBmUDL9sRCbnhocdmJVZgYebm40="}
  [1m[36mUser Load (0.5ms)[0m  [1mSELECT "users".* FROM "users" WHERE "users"."id" = 1 LIMIT 1[0m
  [1m[35m (0.0ms)[0m  begin transaction
  [1m[36m (0.0ms)[0m  [1mcommit transaction[0m
Redirected to http://localhost:3000/
Completed 302 Found in 48ms (ActiveRecord: 0.5ms)


Started GET "/" for 127.0.0.1 at 2012-12-11 18:58:22 +0200
Processing by HomeController#index as HTML
  Rendered home/index.html.erb within layouts/application (0.0ms)
Completed 200 OK in 8ms (Views: 7.5ms | ActiveRecord: 0.0ms)


Started GET "/assets/home.css?body=1" for 127.0.0.1 at 2012-12-11 18:58:22 +0200
Served asset /home.css - 304 Not Modified (0ms)


Started GET "/assets/application.js?body=1" for 127.0.0.1 at 2012-12-11 18:58:22 +0200
Served asset /application.js - 304 Not Modified (0ms)


Started GET "/assets/jquery_ujs.js?body=1" for 127.0.0.1 at 2012-12-11 18:58:22 +0200
Served asset /jquery_ujs.js - 304 Not Modified (0ms)


Started GET "/assets/home.js?body=1" for 127.0.0.1 at 2012-12-11 18:58:22 +0200
Served asset /home.js - 304 Not Modified (0ms)


Started GET "/assets/application.css?body=1" for 127.0.0.1 at 2012-12-11 18:58:22 +0200
Served asset /application.css - 304 Not Modified (0ms)


Started GET "/assets/jquery.js?body=1" for 127.0.0.1 at 2012-12-11 18:58:22 +0200
Served asset /jquery.js - 304 Not Modified (0ms)


Started GET "/users/sign_in" for 127.0.0.1 at 2012-12-11 18:58:23 +0200
Processing by Devise::SessionsController#new as HTML
  Rendered C:/Ruby192/lib/ruby/gems/1.9.1/gems/devise-2.1.2/app/views/devise/shared/_links.erb (0.5ms)
  Rendered C:/Ruby192/lib/ruby/gems/1.9.1/gems/devise-2.1.2/app/views/devise/sessions/new.html.erb within layouts/application (4.0ms)
Completed 200 OK in 14ms (Views: 13.0ms | ActiveRecord: 0.0ms)


Started GET "/assets/jquery.js?body=1" for 127.0.0.1 at 2012-12-11 18:58:23 +0200
Served asset /jquery.js - 304 Not Modified (0ms)


Started GET "/assets/home.js?body=1" for 127.0.0.1 at 2012-12-11 18:58:23 +0200
Served asset /home.js - 304 Not Modified (0ms)


Started GET "/assets/application.css?body=1" for 127.0.0.1 at 2012-12-11 18:58:23 +0200
Served asset /application.css - 304 Not Modified (0ms)


Started GET "/assets/application.js?body=1" for 127.0.0.1 at 2012-12-11 18:58:23 +0200
Served asset /application.js - 304 Not Modified (0ms)


Started GET "/assets/jquery_ujs.js?body=1" for 127.0.0.1 at 2012-12-11 18:58:23 +0200
Served asset /jquery_ujs.js - 304 Not Modified (0ms)


Started GET "/assets/home.css?body=1" for 127.0.0.1 at 2012-12-11 18:58:23 +0200
Served asset /home.css - 304 Not Modified (0ms)


Started POST "/users/sign_in" for 127.0.0.1 at 2012-12-11 18:58:28 +0200
Processing by Devise::SessionsController#create as HTML
  Parameters: {"utf8"=>"✓", "authenticity_token"=>"ojVc7sLlhBWzbkK8kWvCZpvHUdSrDhIGjKsBLtANh+w=", "user"=>{"email"=>"exe.shka.exe@gmail.com", "password"=>"[FILTERED]", "remember_me"=>"0"}, "commit"=>"Sign in"}
  [1m[35mUser Load (0.5ms)[0m  SELECT "users".* FROM "users" WHERE "users"."email" = 'exe.shka.exe@gmail.com' LIMIT 1
  [1m[36m (0.0ms)[0m  [1mbegin transaction[0m
  [1m[35m (0.5ms)[0m  UPDATE "users" SET "current_sign_in_at" = '2012-12-11 16:58:28.784011', "sign_in_count" = 2, "updated_at" = '2012-12-11 16:58:28.784511' WHERE "users"."id" = 1
  [1m[36m (69.5ms)[0m  [1mcommit transaction[0m
Redirected to http://localhost:3000/
Completed 302 Found in 155ms (ActiveRecord: 0.0ms)


Started GET "/" for 127.0.0.1 at 2012-12-11 18:58:28 +0200
Processing by HomeController#index as HTML
  Rendered home/index.html.erb within layouts/application (0.0ms)
  [1m[35mUser Load (0.5ms)[0m  SELECT "users".* FROM "users" WHERE "users"."id" = 1 LIMIT 1
Completed 200 OK in 8ms (Views: 7.5ms | ActiveRecord: 0.5ms)


Started GET "/assets/application.css?body=1" for 127.0.0.1 at 2012-12-11 18:58:28 +0200
Served asset /application.css - 304 Not Modified (0ms)


Started GET "/assets/jquery_ujs.js?body=1" for 127.0.0.1 at 2012-12-11 18:58:28 +0200
Served asset /jquery_ujs.js - 304 Not Modified (0ms)


Started GET "/assets/application.js?body=1" for 127.0.0.1 at 2012-12-11 18:58:28 +0200
Served asset /application.js - 304 Not Modified (0ms)


Started GET "/assets/home.js?body=1" for 127.0.0.1 at 2012-12-11 18:58:28 +0200
Served asset /home.js - 304 Not Modified (0ms)


Started GET "/assets/home.css?body=1" for 127.0.0.1 at 2012-12-11 18:58:28 +0200
Served asset /home.css - 304 Not Modified (0ms)


Started GET "/assets/jquery.js?body=1" for 127.0.0.1 at 2012-12-11 18:58:28 +0200
Served asset /jquery.js - 304 Not Modified (0ms)


Started DELETE "/users/sign_out" for 127.0.0.1 at 2012-12-11 18:58:32 +0200
Processing by Devise::SessionsController#destroy as HTML
  Parameters: {"authenticity_token"=>"ojVc7sLlhBWzbkK8kWvCZpvHUdSrDhIGjKsBLtANh+w="}
  [1m[36mUser Load (0.0ms)[0m  [1mSELECT "users".* FROM "users" WHERE "users"."id" = 1 LIMIT 1[0m
  [1m[35m (0.0ms)[0m  begin transaction
  [1m[36m (0.0ms)[0m  [1mcommit transaction[0m
Redirected to http://localhost:3000/
Completed 302 Found in 2ms (ActiveRecord: 0.0ms)


Started GET "/" for 127.0.0.1 at 2012-12-11 18:58:32 +0200
Processing by HomeController#index as HTML
  Rendered home/index.html.erb within layouts/application (0.0ms)
Completed 200 OK in 7ms (Views: 7.0ms | ActiveRecord: 0.0ms)


Started GET "/assets/home.js?body=1" for 127.0.0.1 at 2012-12-11 18:58:32 +0200
Served asset /home.js - 304 Not Modified (0ms)


Started GET "/assets/application.js?body=1" for 127.0.0.1 at 2012-12-11 18:58:32 +0200
Served asset /application.js - 304 Not Modified (0ms)


Started GET "/assets/home.css?body=1" for 127.0.0.1 at 2012-12-11 18:58:32 +0200
Served asset /home.css - 304 Not Modified (0ms)


Started GET "/assets/jquery.js?body=1" for 127.0.0.1 at 2012-12-11 18:58:32 +0200
Served asset /jquery.js - 304 Not Modified (0ms)


Started GET "/assets/jquery_ujs.js?body=1" for 127.0.0.1 at 2012-12-11 18:58:32 +0200
Served asset /jquery_ujs.js - 304 Not Modified (0ms)


Started GET "/assets/application.css?body=1" for 127.0.0.1 at 2012-12-11 18:58:32 +0200
Served asset /application.css - 304 Not Modified (0ms)


Started GET "/users/sign_up" for 127.0.0.1 at 2012-12-11 18:58:34 +0200
Processing by Devise::RegistrationsController#new as HTML
  Rendered C:/Ruby192/lib/ruby/gems/1.9.1/gems/devise-2.1.2/app/views/devise/shared/_links.erb (0.0ms)
  Rendered C:/Ruby192/lib/ruby/gems/1.9.1/gems/devise-2.1.2/app/views/devise/registrations/new.html.erb within layouts/application (4.0ms)
Completed 200 OK in 14ms (Views: 13.5ms | ActiveRecord: 0.0ms)


Started GET "/assets/application.js?body=1" for 127.0.0.1 at 2012-12-11 18:58:34 +0200
Served asset /application.js - 304 Not Modified (0ms)


Started GET "/assets/home.css?body=1" for 127.0.0.1 at 2012-12-11 18:58:34 +0200
Served asset /home.css - 304 Not Modified (0ms)


Started GET "/assets/jquery.js?body=1" for 127.0.0.1 at 2012-12-11 18:58:34 +0200
Served asset /jquery.js - 304 Not Modified (0ms)


Started GET "/assets/application.css?body=1" for 127.0.0.1 at 2012-12-11 18:58:34 +0200
Served asset /application.css - 304 Not Modified (0ms)


Started GET "/assets/jquery_ujs.js?body=1" for 127.0.0.1 at 2012-12-11 18:58:34 +0200
Served asset /jquery_ujs.js - 304 Not Modified (0ms)


Started GET "/assets/home.js?body=1" for 127.0.0.1 at 2012-12-11 18:58:34 +0200
Served asset /home.js - 304 Not Modified (0ms)


Started GET "/users/sign_in" for 127.0.0.1 at 2012-12-11 18:58:36 +0200
Processing by Devise::SessionsController#new as HTML
  Rendered C:/Ruby192/lib/ruby/gems/1.9.1/gems/devise-2.1.2/app/views/devise/shared/_links.erb (0.5ms)
  Rendered C:/Ruby192/lib/ruby/gems/1.9.1/gems/devise-2.1.2/app/views/devise/sessions/new.html.erb within layouts/application (3.5ms)
Completed 200 OK in 13ms (Views: 13.0ms | ActiveRecord: 0.0ms)


Started GET "/assets/jquery.js?body=1" for 127.0.0.1 at 2012-12-11 18:58:36 +0200
Served asset /jquery.js - 304 Not Modified (0ms)


Started GET "/assets/application.css?body=1" for 127.0.0.1 at 2012-12-11 18:58:36 +0200
Served asset /application.css - 304 Not Modified (0ms)


Started GET "/assets/home.js?body=1" for 127.0.0.1 at 2012-12-11 18:58:36 +0200
Served asset /home.js - 304 Not Modified (0ms)


Started GET "/assets/jquery_ujs.js?body=1" for 127.0.0.1 at 2012-12-11 18:58:36 +0200
Served asset /jquery_ujs.js - 304 Not Modified (0ms)


Started GET "/assets/application.js?body=1" for 127.0.0.1 at 2012-12-11 18:58:36 +0200
Served asset /application.js - 304 Not Modified (0ms)


Started GET "/assets/home.css?body=1" for 127.0.0.1 at 2012-12-11 18:58:36 +0200
Served asset /home.css - 304 Not Modified (0ms)


Started GET "/users/password/new" for 127.0.0.1 at 2012-12-11 18:58:37 +0200
Processing by Devise::PasswordsController#new as HTML
  Rendered C:/Ruby192/lib/ruby/gems/1.9.1/gems/devise-2.1.2/app/views/devise/shared/_links.erb (0.5ms)
  Rendered C:/Ruby192/lib/ruby/gems/1.9.1/gems/devise-2.1.2/app/views/devise/passwords/new.html.erb within layouts/application (4.0ms)
Completed 200 OK in 33ms (Views: 32.0ms | ActiveRecord: 0.0ms)


Started GET "/assets/jquery_ujs.js?body=1" for 127.0.0.1 at 2012-12-11 18:58:37 +0200
Served asset /jquery_ujs.js - 304 Not Modified (0ms)


Started GET "/assets/application.css?body=1" for 127.0.0.1 at 2012-12-11 18:58:37 +0200
Served asset /application.css - 304 Not Modified (0ms)


Started GET "/assets/home.css?body=1" for 127.0.0.1 at 2012-12-11 18:58:37 +0200
Served asset /home.css - 304 Not Modified (0ms)


Started GET "/assets/home.js?body=1" for 127.0.0.1 at 2012-12-11 18:58:37 +0200
Served asset /home.js - 304 Not Modified (0ms)


Started GET "/assets/application.js?body=1" for 127.0.0.1 at 2012-12-11 18:58:37 +0200
Served asset /application.js - 304 Not Modified (0ms)


Started GET "/assets/jquery.js?body=1" for 127.0.0.1 at 2012-12-11 18:58:37 +0200
Served asset /jquery.js - 304 Not Modified (0ms)


Started POST "/users/password" for 127.0.0.1 at 2012-12-11 18:58:41 +0200
Processing by Devise::PasswordsController#create as HTML
  Parameters: {"utf8"=>"✓", "authenticity_token"=>"MLqibziNKixscarxVUy/u8cothrqsCK4vKq9zFCXo5M=", "user"=>{"email"=>"exe.shka.exe@gmail.com"}, "commit"=>"Send me reset password instructions"}
  [1m[35mUser Load (0.5ms)[0m  SELECT "users".* FROM "users" WHERE "users"."email" = 'exe.shka.exe@gmail.com' LIMIT 1
  [1m[36mUser Load (0.5ms)[0m  [1mSELECT "users".* FROM "users" WHERE "users"."reset_password_token" = 'X2hUrW4i9txLZeDqbbPA' LIMIT 1[0m
  [1m[35m (0.0ms)[0m  begin transaction
  [1m[36m (0.0ms)[0m  [1mUPDATE "users" SET "reset_password_token" = 'X2hUrW4i9txLZeDqbbPA', "reset_password_sent_at" = '2012-12-11 16:58:41.187991', "updated_at" = '2012-12-11 16:58:41.187991' WHERE "users"."id" = 1[0m
  [1m[35m (284.1ms)[0m  commit transaction
  Rendered C:/Ruby192/lib/ruby/gems/1.9.1/gems/devise-2.1.2/app/views/devise/mailer/reset_password_instructions.html.erb (0.5ms)

Sent mail to exe.shka.exe@gmail.com (1449ms)
Date: Tue, 11 Dec 2012 18:58:46 +0200
From: please-change-me-at-config-initializers-devise@example.com
Reply-To: please-change-me-at-config-initializers-devise@example.com
To: exe.shka.exe@gmail.com
Message-ID: <50c7664665b19_2ea424d31e813773@Lindum.mail>
Subject: Reset password instructions
Mime-Version: 1.0
Content-Type: text/html;
 charset=UTF-8
Content-Transfer-Encoding: 7bit

<p>Hello exe.shka.exe@gmail.com!</p>

<p>Someone has requested a link to change your password, and you can do this through the link below.</p>

<p><a href="http://localhost:3000/users/password/edit?reset_password_token=X2hUrW4i9txLZeDqbbPA">Change my password</a></p>

<p>If you didn't request this, please ignore this email.</p>
<p>Your password won't change until you access the link above and create a new one.</p>

Redirected to http://localhost:3000/users/sign_in
Completed 302 Found in 6506ms (ActiveRecord: 0.0ms)


Started GET "/users/sign_in" for 127.0.0.1 at 2012-12-11 18:58:47 +0200
Processing by Devise::SessionsController#new as HTML
  Rendered C:/Ruby192/lib/ruby/gems/1.9.1/gems/devise-2.1.2/app/views/devise/shared/_links.erb (0.5ms)
  Rendered C:/Ruby192/lib/ruby/gems/1.9.1/gems/devise-2.1.2/app/views/devise/sessions/new.html.erb within layouts/application (4.0ms)
Completed 200 OK in 14ms (Views: 13.0ms | ActiveRecord: 0.0ms)


Started GET "/assets/home.css?body=1" for 127.0.0.1 at 2012-12-11 18:58:47 +0200
Served asset /home.css - 304 Not Modified (0ms)


Started GET "/assets/application.js?body=1" for 127.0.0.1 at 2012-12-11 18:58:47 +0200
Served asset /application.js - 304 Not Modified (0ms)


Started GET "/assets/jquery.js?body=1" for 127.0.0.1 at 2012-12-11 18:58:47 +0200
Served asset /jquery.js - 304 Not Modified (0ms)


Started GET "/assets/application.css?body=1" for 127.0.0.1 at 2012-12-11 18:58:47 +0200
Served asset /application.css - 304 Not Modified (0ms)


Started GET "/assets/home.js?body=1" for 127.0.0.1 at 2012-12-11 18:58:47 +0200
Served asset /home.js - 304 Not Modified (0ms)


Started GET "/assets/jquery_ujs.js?body=1" for 127.0.0.1 at 2012-12-11 18:58:47 +0200
Served asset /jquery_ujs.js - 304 Not Modified (0ms)


Started GET "/users/sign_in" for 127.0.0.1 at 2012-12-11 18:59:46 +0200
Processing by Devise::SessionsController#new as HTML
  Rendered C:/Ruby192/lib/ruby/gems/1.9.1/gems/devise-2.1.2/app/views/devise/shared/_links.erb (0.0ms)
  Rendered C:/Ruby192/lib/ruby/gems/1.9.1/gems/devise-2.1.2/app/views/devise/sessions/new.html.erb within layouts/application (4.0ms)
Completed 200 OK in 14ms (Views: 13.5ms | ActiveRecord: 0.0ms)


Started GET "/assets/home.css?body=1" for 127.0.0.1 at 2012-12-11 18:59:46 +0200
Served asset /home.css - 304 Not Modified (0ms)


Started GET "/assets/jquery.js?body=1" for 127.0.0.1 at 2012-12-11 18:59:46 +0200
Served asset /jquery.js - 304 Not Modified (0ms)


Started GET "/assets/application.css?body=1" for 127.0.0.1 at 2012-12-11 18:59:46 +0200
Served asset /application.css - 304 Not Modified (0ms)


Started GET "/assets/jquery_ujs.js?body=1" for 127.0.0.1 at 2012-12-11 18:59:46 +0200
Served asset /jquery_ujs.js - 304 Not Modified (0ms)


Started GET "/assets/home.js?body=1" for 127.0.0.1 at 2012-12-11 18:59:46 +0200
Served asset /home.js - 304 Not Modified (0ms)


Started GET "/assets/application.js?body=1" for 127.0.0.1 at 2012-12-11 18:59:46 +0200
Served asset /application.js - 304 Not Modified (0ms)


Started POST "/users/sign_in" for 127.0.0.1 at 2012-12-11 18:59:51 +0200
Processing by Devise::SessionsController#create as HTML
  Parameters: {"utf8"=>"✓", "authenticity_token"=>"MLqibziNKixscarxVUy/u8cothrqsCK4vKq9zFCXo5M=", "user"=>{"email"=>"exe.shka.exe@gmail.com", "password"=>"[FILTERED]", "remember_me"=>"0"}, "commit"=>"Sign in"}
  [1m[36mUser Load (0.0ms)[0m  [1mSELECT "users".* FROM "users" WHERE "users"."email" = 'exe.shka.exe@gmail.com' LIMIT 1[0m
  [1m[35m (0.0ms)[0m  begin transaction
  [1m[36m (0.5ms)[0m  [1mUPDATE "users" SET "last_sign_in_at" = '2012-12-11 16:58:28.784011', "current_sign_in_at" = '2012-12-11 16:59:51.151481', "sign_in_count" = 3, "updated_at" = '2012-12-11 16:59:51.151981' WHERE "users"."id" = 1[0m
  [1m[35m (62.0ms)[0m  commit transaction
Redirected to http://localhost:3000/
Completed 302 Found in 148ms (ActiveRecord: 0.0ms)


Started GET "/" for 127.0.0.1 at 2012-12-11 18:59:51 +0200
Processing by HomeController#index as HTML
  Rendered home/index.html.erb within layouts/application (0.0ms)
  [1m[36mUser Load (0.0ms)[0m  [1mSELECT "users".* FROM "users" WHERE "users"."id" = 1 LIMIT 1[0m
Completed 200 OK in 8ms (Views: 7.5ms | ActiveRecord: 0.0ms)


Started GET "/assets/jquery_ujs.js?body=1" for 127.0.0.1 at 2012-12-11 18:59:51 +0200
Served asset /jquery_ujs.js - 304 Not Modified (0ms)


Started GET "/assets/application.css?body=1" for 127.0.0.1 at 2012-12-11 18:59:51 +0200
Served asset /application.css - 304 Not Modified (0ms)


Started GET "/assets/application.js?body=1" for 127.0.0.1 at 2012-12-11 18:59:51 +0200
Served asset /application.js - 304 Not Modified (0ms)


Started GET "/assets/home.js?body=1" for 127.0.0.1 at 2012-12-11 18:59:51 +0200
Served asset /home.js - 304 Not Modified (0ms)


Started GET "/assets/home.css?body=1" for 127.0.0.1 at 2012-12-11 18:59:51 +0200
Served asset /home.css - 304 Not Modified (0ms)


Started GET "/assets/jquery.js?body=1" for 127.0.0.1 at 2012-12-11 18:59:51 +0200
Served asset /jquery.js - 304 Not Modified (0ms)
Connecting to database specified by database.yml
Connecting to database specified by database.yml
  [1m[36m (0.0ms)[0m  [1mSELECT "schema_migrations"."version" FROM "schema_migrations" [0m
Migrating to DeviseCreateUsers (20121211165130)
Migrating to CreateArticles (20121212135901)
  [1m[35m (0.0ms)[0m  select sqlite_version(*)
  [1m[36m (0.0ms)[0m  [1mbegin transaction[0m
  [1m[35m (0.5ms)[0m  CREATE TABLE "articles" ("id" INTEGER PRIMARY KEY AUTOINCREMENT NOT NULL, "title" varchar(255), "description" text, "image" varchar(255), "created_at" datetime NOT NULL, "updated_at" datetime NOT NULL) 
  [1m[36m (0.0ms)[0m  [1mINSERT INTO "schema_migrations" ("version") VALUES ('20121212135901')[0m
  [1m[35m (73.5ms)[0m  commit transaction
  [1m[36m (0.5ms)[0m  [1mselect sqlite_version(*)[0m
  [1m[35m (0.0ms)[0m  SELECT "schema_migrations"."version" FROM "schema_migrations" 
  [1m[36m (0.0ms)[0m  [1mPRAGMA index_list("articles")[0m
  [1m[35m (0.5ms)[0m  PRAGMA index_list("users")
  [1m[36m (0.0ms)[0m  [1mPRAGMA index_info('index_users_on_reset_password_token')[0m
  [1m[35m (0.0ms)[0m  PRAGMA index_info('index_users_on_email')
Connecting to database specified by database.yml


Started GET "/" for 127.0.0.1 at 2012-12-12 16:10:03 +0200
Processing by HomeController#index as HTML
  Rendered home/index.html.erb within layouts/application (53.5ms)
Compiled articles.css  (60ms)  (pid 10704)
Compiled scaffolds.css  (9ms)  (pid 10704)
Compiled application.css  (135ms)  (pid 10704)
Compiled articles.js  (1973ms)  (pid 10704)
Compiled application.js  (1989ms)  (pid 10704)
  [1m[36mUser Load (0.5ms)[0m  [1mSELECT "users".* FROM "users" WHERE "users"."id" = 1 LIMIT 1[0m
Completed 200 OK in 3122ms (Views: 3097.5ms | ActiveRecord: 25.0ms)


Started GET "/assets/articles.css?body=1" for 127.0.0.1 at 2012-12-12 16:10:06 +0200
Served asset /articles.css - 200 OK (2ms)


Started GET "/assets/application.css?body=1" for 127.0.0.1 at 2012-12-12 16:10:06 +0200
Served asset /application.css - 304 Not Modified (4ms)


Started GET "/assets/home.css?body=1" for 127.0.0.1 at 2012-12-12 16:10:06 +0200
Served asset /home.css - 304 Not Modified (1ms)


Started GET "/assets/scaffolds.css?body=1" for 127.0.0.1 at 2012-12-12 16:10:06 +0200
Served asset /scaffolds.css - 304 Not Modified (4ms)


Started GET "/assets/jquery.js?body=1" for 127.0.0.1 at 2012-12-12 16:10:06 +0200
Served asset /jquery.js - 304 Not Modified (3ms)


Started GET "/assets/articles.js?body=1" for 127.0.0.1 at 2012-12-12 16:10:06 +0200
Served asset /articles.js - 200 OK (4ms)


Started GET "/assets/jquery_ujs.js?body=1" for 127.0.0.1 at 2012-12-12 16:10:06 +0200
Served asset /jquery_ujs.js - 304 Not Modified (2ms)


Started GET "/assets/application.js?body=1" for 127.0.0.1 at 2012-12-12 16:10:06 +0200
Served asset /application.js - 304 Not Modified (6ms)


Started GET "/assets/home.js?body=1" for 127.0.0.1 at 2012-12-12 16:10:06 +0200
Served asset /home.js - 304 Not Modified (1ms)


Started GET "/articles" for 127.0.0.1 at 2012-12-12 16:10:23 +0200
Processing by ArticlesController#index as HTML
  [1m[35mArticle Load (0.0ms)[0m  SELECT "articles".* FROM "articles" 
  Rendered articles/index.html.erb within layouts/application (1.0ms)
  [1m[36mUser Load (0.0ms)[0m  [1mSELECT "users".* FROM "users" WHERE "users"."id" = 1 LIMIT 1[0m
Completed 200 OK in 12ms (Views: 10.5ms | ActiveRecord: 0.0ms)


Started GET "/assets/jquery.js?body=1" for 127.0.0.1 at 2012-12-12 16:10:23 +0200
Served asset /jquery.js - 304 Not Modified (0ms)


Started GET "/assets/application.css?body=1" for 127.0.0.1 at 2012-12-12 16:10:23 +0200
Served asset /application.css - 304 Not Modified (0ms)


Started GET "/assets/jquery_ujs.js?body=1" for 127.0.0.1 at 2012-12-12 16:10:23 +0200
Served asset /jquery_ujs.js - 304 Not Modified (0ms)


Started GET "/assets/scaffolds.css?body=1" for 127.0.0.1 at 2012-12-12 16:10:23 +0200
Served asset /scaffolds.css - 304 Not Modified (0ms)


Started GET "/assets/home.css?body=1" for 127.0.0.1 at 2012-12-12 16:10:23 +0200
Served asset /home.css - 304 Not Modified (0ms)


Started GET "/assets/home.js?body=1" for 127.0.0.1 at 2012-12-12 16:10:23 +0200
Served asset /home.js - 304 Not Modified (0ms)


Started GET "/assets/application.js?body=1" for 127.0.0.1 at 2012-12-12 16:10:23 +0200
Served asset /application.js - 304 Not Modified (0ms)


Started GET "/articles/new" for 127.0.0.1 at 2012-12-12 16:10:30 +0200
Processing by ArticlesController#new as HTML
  Rendered articles/_form.html.erb (62.0ms)
  Rendered articles/new.html.erb within layouts/application (112.5ms)
  [1m[35mUser Load (0.0ms)[0m  SELECT "users".* FROM "users" WHERE "users"."id" = 1 LIMIT 1
Completed 200 OK in 125ms (Views: 122.0ms | ActiveRecord: 0.0ms)


Started GET "/assets/jquery_ujs.js?body=1" for 127.0.0.1 at 2012-12-12 16:10:30 +0200
Served asset /jquery_ujs.js - 304 Not Modified (0ms)


Started GET "/assets/home.js?body=1" for 127.0.0.1 at 2012-12-12 16:10:30 +0200
Served asset /home.js - 304 Not Modified (0ms)


Started GET "/assets/home.css?body=1" for 127.0.0.1 at 2012-12-12 16:10:30 +0200
Served asset /home.css - 304 Not Modified (0ms)


Started GET "/assets/jquery.js?body=1" for 127.0.0.1 at 2012-12-12 16:10:30 +0200
Served asset /jquery.js - 304 Not Modified (2ms)


Started GET "/assets/application.css?body=1" for 127.0.0.1 at 2012-12-12 16:10:30 +0200
Served asset /application.css - 304 Not Modified (0ms)


Started GET "/assets/scaffolds.css?body=1" for 127.0.0.1 at 2012-12-12 16:10:30 +0200
Served asset /scaffolds.css - 304 Not Modified (0ms)


Started GET "/assets/application.js?body=1" for 127.0.0.1 at 2012-12-12 16:10:30 +0200
Served asset /application.js - 304 Not Modified (0ms)


Started GET "/articles/new" for 127.0.0.1 at 2012-12-12 16:18:34 +0200
Processing by ArticlesController#new as HTML
  Rendered articles/_form.html.erb (2.5ms)
  Rendered articles/new.html.erb within layouts/application (4.5ms)
  [1m[36mUser Load (0.5ms)[0m  [1mSELECT "users".* FROM "users" WHERE "users"."id" = 1 LIMIT 1[0m
Completed 200 OK in 14ms (Views: 13.5ms | ActiveRecord: 0.5ms)


Started GET "/assets/home.css?body=1" for 127.0.0.1 at 2012-12-12 16:18:34 +0200
Served asset /home.css - 304 Not Modified (0ms)


Started GET "/assets/articles.js?body=1" for 127.0.0.1 at 2012-12-12 16:18:34 +0200
Served asset /articles.js - 304 Not Modified (0ms)


Started GET "/assets/application.css?body=1" for 127.0.0.1 at 2012-12-12 16:18:34 +0200
Served asset /application.css - 304 Not Modified (0ms)


Started GET "/assets/jquery_ujs.js?body=1" for 127.0.0.1 at 2012-12-12 16:18:34 +0200
Served asset /jquery_ujs.js - 304 Not Modified (0ms)


Started GET "/assets/articles.css?body=1" for 127.0.0.1 at 2012-12-12 16:18:34 +0200
Served asset /articles.css - 304 Not Modified (0ms)


Started GET "/assets/scaffolds.css?body=1" for 127.0.0.1 at 2012-12-12 16:18:34 +0200
Served asset /scaffolds.css - 304 Not Modified (0ms)


Started GET "/assets/jquery.js?body=1" for 127.0.0.1 at 2012-12-12 16:18:34 +0200
Served asset /jquery.js - 304 Not Modified (0ms)


Started GET "/assets/application.js?body=1" for 127.0.0.1 at 2012-12-12 16:18:34 +0200
Served asset /application.js - 304 Not Modified (0ms)


Started GET "/assets/home.js?body=1" for 127.0.0.1 at 2012-12-12 16:18:34 +0200
Served asset /home.js - 304 Not Modified (0ms)


Started POST "/articles" for 127.0.0.1 at 2012-12-12 16:18:40 +0200
Processing by ArticlesController#create as HTML
  Parameters: {"utf8"=>"✓", "authenticity_token"=>"MLqibziNKixscarxVUy/u8cothrqsCK4vKq9zFCXo5M=", "article"=>{"title"=>"", "description"=>"", "image"=>""}, "commit"=>"Create Article"}
Completed 500 Internal Server Error in 0ms

ActiveModel::MassAssignmentSecurity::Error (Can't mass-assign protected attributes: title, description, image):
  app/controllers/articles_controller.rb:43:in `new'
  app/controllers/articles_controller.rb:43:in `create'


  Rendered C:/Ruby192/lib/ruby/gems/1.9.1/gems/actionpack-3.2.8/lib/action_dispatch/middleware/templates/rescues/_trace.erb (1.0ms)
  Rendered C:/Ruby192/lib/ruby/gems/1.9.1/gems/actionpack-3.2.8/lib/action_dispatch/middleware/templates/rescues/_request_and_response.erb (1.0ms)
  Rendered C:/Ruby192/lib/ruby/gems/1.9.1/gems/actionpack-3.2.8/lib/action_dispatch/middleware/templates/rescues/diagnostics.erb within rescues/layout (44.0ms)


Started DELETE "/users/sign_out" for 127.0.0.1 at 2012-12-12 16:18:53 +0200
Processing by Devise::SessionsController#destroy as HTML
  Parameters: {"authenticity_token"=>"MLqibziNKixscarxVUy/u8cothrqsCK4vKq9zFCXo5M="}
  [1m[35mUser Load (0.0ms)[0m  SELECT "users".* FROM "users" WHERE "users"."id" = 1 LIMIT 1
  [1m[36m (0.0ms)[0m  [1mbegin transaction[0m
  [1m[35m (0.0ms)[0m  commit transaction
Redirected to http://localhost:3000/
Completed 302 Found in 30ms (ActiveRecord: 0.0ms)


Started GET "/" for 127.0.0.1 at 2012-12-12 16:18:53 +0200
Processing by HomeController#index as HTML
  Rendered home/index.html.erb within layouts/application (0.0ms)
Completed 200 OK in 9ms (Views: 9.0ms | ActiveRecord: 0.0ms)


Started GET "/assets/jquery.js?body=1" for 127.0.0.1 at 2012-12-12 16:18:53 +0200
Served asset /jquery.js - 304 Not Modified (0ms)


Started GET "/assets/home.css?body=1" for 127.0.0.1 at 2012-12-12 16:18:53 +0200
Served asset /home.css - 304 Not Modified (0ms)


Started GET "/assets/articles.css?body=1" for 127.0.0.1 at 2012-12-12 16:18:53 +0200
Served asset /articles.css - 304 Not Modified (0ms)


Started GET "/assets/jquery_ujs.js?body=1" for 127.0.0.1 at 2012-12-12 16:18:53 +0200
Served asset /jquery_ujs.js - 304 Not Modified (0ms)


Started GET "/assets/application.css?body=1" for 127.0.0.1 at 2012-12-12 16:18:53 +0200
Served asset /application.css - 304 Not Modified (0ms)


Started GET "/assets/scaffolds.css?body=1" for 127.0.0.1 at 2012-12-12 16:18:53 +0200
Served asset /scaffolds.css - 304 Not Modified (0ms)


Started GET "/assets/application.js?body=1" for 127.0.0.1 at 2012-12-12 16:18:53 +0200
Served asset /application.js - 304 Not Modified (0ms)


Started GET "/assets/articles.js?body=1" for 127.0.0.1 at 2012-12-12 16:18:53 +0200
Served asset /articles.js - 304 Not Modified (0ms)


Started GET "/assets/home.js?body=1" for 127.0.0.1 at 2012-12-12 16:18:53 +0200
Served asset /home.js - 304 Not Modified (0ms)


Started GET "/users/sign_in" for 127.0.0.1 at 2012-12-12 16:18:55 +0200
Processing by Devise::SessionsController#new as HTML
  Rendered C:/Ruby192/lib/ruby/gems/1.9.1/gems/devise-2.1.2/app/views/devise/shared/_links.erb (1.0ms)
  Rendered C:/Ruby192/lib/ruby/gems/1.9.1/gems/devise-2.1.2/app/views/devise/sessions/new.html.erb within layouts/application (11.0ms)
Completed 200 OK in 37ms (Views: 36.0ms | ActiveRecord: 0.0ms)


Started GET "/assets/home.css?body=1" for 127.0.0.1 at 2012-12-12 16:18:55 +0200
Served asset /home.css - 304 Not Modified (0ms)


Started GET "/assets/application.css?body=1" for 127.0.0.1 at 2012-12-12 16:18:55 +0200
Served asset /application.css - 304 Not Modified (0ms)


Started GET "/assets/scaffolds.css?body=1" for 127.0.0.1 at 2012-12-12 16:18:55 +0200
Served asset /scaffolds.css - 304 Not Modified (0ms)


Started GET "/assets/articles.css?body=1" for 127.0.0.1 at 2012-12-12 16:18:55 +0200
Served asset /articles.css - 304 Not Modified (0ms)


Started GET "/assets/jquery.js?body=1" for 127.0.0.1 at 2012-12-12 16:18:55 +0200
Served asset /jquery.js - 304 Not Modified (0ms)


Started GET "/assets/jquery_ujs.js?body=1" for 127.0.0.1 at 2012-12-12 16:18:55 +0200
Served asset /jquery_ujs.js - 304 Not Modified (0ms)


Started GET "/assets/articles.js?body=1" for 127.0.0.1 at 2012-12-12 16:18:55 +0200
Served asset /articles.js - 304 Not Modified (0ms)


Started GET "/assets/home.js?body=1" for 127.0.0.1 at 2012-12-12 16:18:55 +0200
Served asset /home.js - 304 Not Modified (0ms)


Started GET "/assets/application.js?body=1" for 127.0.0.1 at 2012-12-12 16:18:55 +0200
Served asset /application.js - 304 Not Modified (0ms)


Started POST "/users/sign_in" for 127.0.0.1 at 2012-12-12 16:19:01 +0200
Processing by Devise::SessionsController#create as HTML
  Parameters: {"utf8"=>"✓", "authenticity_token"=>"2PIIexZSHrVqWAPDq3vTd7vLpedgO7/slnbXpBVXgBY=", "user"=>{"email"=>"exe.shka.exe@gmail.com", "password"=>"[FILTERED]", "remember_me"=>"0"}, "commit"=>"Sign in"}
  [1m[36mUser Load (0.0ms)[0m  [1mSELECT "users".* FROM "users" WHERE "users"."email" = 'exe.shka.exe@gmail.com' LIMIT 1[0m
  [1m[35m (0.5ms)[0m  begin transaction
  [1m[36m (0.5ms)[0m  [1mUPDATE "users" SET "last_sign_in_at" = '2012-12-11 16:59:51.151481', "current_sign_in_at" = '2012-12-12 14:19:01.597070', "sign_in_count" = 4, "updated_at" = '2012-12-12 14:19:01.597570' WHERE "users"."id" = 1[0m
  [1m[35m (60.0ms)[0m  commit transaction
Redirected to http://localhost:3000/
Completed 302 Found in 401ms (ActiveRecord: 0.0ms)


Started GET "/" for 127.0.0.1 at 2012-12-12 16:19:01 +0200
Processing by HomeController#index as HTML
  Rendered home/index.html.erb within layouts/application (0.0ms)
  [1m[36mUser Load (0.0ms)[0m  [1mSELECT "users".* FROM "users" WHERE "users"."id" = 1 LIMIT 1[0m
Completed 200 OK in 9ms (Views: 9.0ms | ActiveRecord: 0.0ms)


Started GET "/assets/articles.css?body=1" for 127.0.0.1 at 2012-12-12 16:19:01 +0200
Served asset /articles.css - 304 Not Modified (0ms)


Started GET "/assets/jquery.js?body=1" for 127.0.0.1 at 2012-12-12 16:19:01 +0200
Served asset /jquery.js - 304 Not Modified (0ms)


Started GET "/assets/jquery_ujs.js?body=1" for 127.0.0.1 at 2012-12-12 16:19:01 +0200
Served asset /jquery_ujs.js - 304 Not Modified (0ms)


Started GET "/assets/application.css?body=1" for 127.0.0.1 at 2012-12-12 16:19:01 +0200
Served asset /application.css - 304 Not Modified (0ms)


Started GET "/assets/home.css?body=1" for 127.0.0.1 at 2012-12-12 16:19:01 +0200
Served asset /home.css - 304 Not Modified (0ms)


Started GET "/assets/scaffolds.css?body=1" for 127.0.0.1 at 2012-12-12 16:19:01 +0200
Served asset /scaffolds.css - 304 Not Modified (0ms)


Started GET "/assets/home.js?body=1" for 127.0.0.1 at 2012-12-12 16:19:01 +0200
Served asset /home.js - 304 Not Modified (0ms)


Started GET "/assets/articles.js?body=1" for 127.0.0.1 at 2012-12-12 16:19:02 +0200
Served asset /articles.js - 304 Not Modified (0ms)


Started GET "/assets/application.js?body=1" for 127.0.0.1 at 2012-12-12 16:19:02 +0200
Served asset /application.js - 304 Not Modified (0ms)


Started GET "/articles" for 127.0.0.1 at 2012-12-12 16:19:09 +0200
Processing by ArticlesController#index as HTML
  [1m[35mArticle Load (0.0ms)[0m  SELECT "articles".* FROM "articles" 
  Rendered articles/index.html.erb within layouts/application (0.5ms)
  [1m[36mUser Load (0.0ms)[0m  [1mSELECT "users".* FROM "users" WHERE "users"."id" = 1 LIMIT 1[0m
Completed 200 OK in 10ms (Views: 9.5ms | ActiveRecord: 0.0ms)


Started GET "/assets/application.css?body=1" for 127.0.0.1 at 2012-12-12 16:19:09 +0200
Served asset /application.css - 304 Not Modified (0ms)


Started GET "/assets/home.css?body=1" for 127.0.0.1 at 2012-12-12 16:19:09 +0200
Served asset /home.css - 304 Not Modified (0ms)


Started GET "/assets/articles.js?body=1" for 127.0.0.1 at 2012-12-12 16:19:09 +0200
Served asset /articles.js - 304 Not Modified (0ms)


Started GET "/assets/jquery.js?body=1" for 127.0.0.1 at 2012-12-12 16:19:09 +0200
Served asset /jquery.js - 304 Not Modified (0ms)


Started GET "/assets/jquery_ujs.js?body=1" for 127.0.0.1 at 2012-12-12 16:19:09 +0200
Served asset /jquery_ujs.js - 304 Not Modified (0ms)


Started GET "/assets/scaffolds.css?body=1" for 127.0.0.1 at 2012-12-12 16:19:09 +0200
Served asset /scaffolds.css - 304 Not Modified (0ms)


Started GET "/assets/articles.css?body=1" for 127.0.0.1 at 2012-12-12 16:19:09 +0200
Served asset /articles.css - 304 Not Modified (0ms)


Started GET "/assets/home.js?body=1" for 127.0.0.1 at 2012-12-12 16:19:09 +0200
Served asset /home.js - 304 Not Modified (0ms)


Started GET "/assets/application.js?body=1" for 127.0.0.1 at 2012-12-12 16:19:09 +0200
Served asset /application.js - 304 Not Modified (0ms)


Started GET "/articles/new" for 127.0.0.1 at 2012-12-12 16:19:11 +0200
Processing by ArticlesController#new as HTML
  Rendered articles/_form.html.erb (1.5ms)
  Rendered articles/new.html.erb within layouts/application (3.0ms)
  [1m[35mUser Load (0.0ms)[0m  SELECT "users".* FROM "users" WHERE "users"."id" = 1 LIMIT 1
Completed 200 OK in 12ms (Views: 12.0ms | ActiveRecord: 0.0ms)


Started GET "/assets/application.css?body=1" for 127.0.0.1 at 2012-12-12 16:19:11 +0200
Served asset /application.css - 304 Not Modified (0ms)


Started GET "/assets/scaffolds.css?body=1" for 127.0.0.1 at 2012-12-12 16:19:11 +0200
Served asset /scaffolds.css - 304 Not Modified (0ms)


Started GET "/assets/home.css?body=1" for 127.0.0.1 at 2012-12-12 16:19:11 +0200
Served asset /home.css - 304 Not Modified (0ms)


Started GET "/assets/articles.css?body=1" for 127.0.0.1 at 2012-12-12 16:19:11 +0200
Served asset /articles.css - 304 Not Modified (0ms)


Started GET "/assets/jquery_ujs.js?body=1" for 127.0.0.1 at 2012-12-12 16:19:11 +0200
Served asset /jquery_ujs.js - 304 Not Modified (0ms)


Started GET "/assets/articles.js?body=1" for 127.0.0.1 at 2012-12-12 16:19:11 +0200
Served asset /articles.js - 304 Not Modified (0ms)


Started GET "/assets/home.js?body=1" for 127.0.0.1 at 2012-12-12 16:19:11 +0200
Served asset /home.js - 304 Not Modified (0ms)


Started GET "/assets/application.js?body=1" for 127.0.0.1 at 2012-12-12 16:19:11 +0200
Served asset /application.js - 304 Not Modified (0ms)


Started GET "/assets/jquery.js?body=1" for 127.0.0.1 at 2012-12-12 16:19:11 +0200
Served asset /jquery.js - 304 Not Modified (0ms)


Started GET "/articles/new" for 127.0.0.1 at 2012-12-12 16:19:33 +0200
Processing by ArticlesController#new as HTML
  Rendered articles/_form.html.erb (2.0ms)
  Rendered articles/new.html.erb within layouts/application (4.5ms)
  [1m[36mUser Load (0.5ms)[0m  [1mSELECT "users".* FROM "users" WHERE "users"."id" = 1 LIMIT 1[0m
Completed 200 OK in 14ms (Views: 13.0ms | ActiveRecord: 0.5ms)


Started GET "/assets/home.css?body=1" for 127.0.0.1 at 2012-12-12 16:19:33 +0200
Served asset /home.css - 304 Not Modified (0ms)


Started GET "/assets/articles.css?body=1" for 127.0.0.1 at 2012-12-12 16:19:33 +0200
Served asset /articles.css - 304 Not Modified (0ms)


Started GET "/assets/application.css?body=1" for 127.0.0.1 at 2012-12-12 16:19:33 +0200
Served asset /application.css - 304 Not Modified (0ms)


Started GET "/assets/scaffolds.css?body=1" for 127.0.0.1 at 2012-12-12 16:19:33 +0200
Served asset /scaffolds.css - 304 Not Modified (0ms)


Started GET "/assets/jquery_ujs.js?body=1" for 127.0.0.1 at 2012-12-12 16:19:33 +0200
Served asset /jquery_ujs.js - 304 Not Modified (0ms)


Started GET "/assets/articles.js?body=1" for 127.0.0.1 at 2012-12-12 16:19:33 +0200
Served asset /articles.js - 304 Not Modified (0ms)


Started GET "/assets/jquery.js?body=1" for 127.0.0.1 at 2012-12-12 16:19:33 +0200
Served asset /jquery.js - 304 Not Modified (0ms)


Started GET "/assets/home.js?body=1" for 127.0.0.1 at 2012-12-12 16:19:33 +0200
Served asset /home.js - 304 Not Modified (0ms)


Started GET "/assets/application.js?body=1" for 127.0.0.1 at 2012-12-12 16:19:33 +0200
Served asset /application.js - 304 Not Modified (0ms)


Started POST "/articles" for 127.0.0.1 at 2012-12-12 16:19:41 +0200
Processing by ArticlesController#create as HTML
  Parameters: {"utf8"=>"✓", "authenticity_token"=>"2PIIexZSHrVqWAPDq3vTd7vLpedgO7/slnbXpBVXgBY=", "article"=>{"title"=>"Hello", "description"=>"fgvhbmk,l", "image"=>"ewdfrgtfhj"}, "commit"=>"Create Article"}
Completed 500 Internal Server Error in 0ms

ActiveModel::MassAssignmentSecurity::Error (Can't mass-assign protected attributes: title, description, image):
  app/controllers/articles_controller.rb:43:in `new'
  app/controllers/articles_controller.rb:43:in `create'


  Rendered C:/Ruby192/lib/ruby/gems/1.9.1/gems/actionpack-3.2.8/lib/action_dispatch/middleware/templates/rescues/_trace.erb (1.0ms)
  Rendered C:/Ruby192/lib/ruby/gems/1.9.1/gems/actionpack-3.2.8/lib/action_dispatch/middleware/templates/rescues/_request_and_response.erb (1.0ms)
  Rendered C:/Ruby192/lib/ruby/gems/1.9.1/gems/actionpack-3.2.8/lib/action_dispatch/middleware/templates/rescues/diagnostics.erb within rescues/layout (25.0ms)


Started POST "/articles" for 127.0.0.1 at 2012-12-12 16:22:42 +0200
Processing by ArticlesController#create as HTML
  Parameters: {"utf8"=>"✓", "authenticity_token"=>"2PIIexZSHrVqWAPDq3vTd7vLpedgO7/slnbXpBVXgBY=", "article"=>{"title"=>"Hello", "description"=>"fgvhbmk,l", "image"=>"ewdfrgtfhj"}, "commit"=>"Create Article"}
Completed 500 Internal Server Error in 1ms

ActiveModel::MassAssignmentSecurity::Error (Can't mass-assign protected attributes: title, description, image):
  app/controllers/articles_controller.rb:43:in `new'
  app/controllers/articles_controller.rb:43:in `create'


  Rendered C:/Ruby192/lib/ruby/gems/1.9.1/gems/actionpack-3.2.8/lib/action_dispatch/middleware/templates/rescues/_trace.erb (1.0ms)
  Rendered C:/Ruby192/lib/ruby/gems/1.9.1/gems/actionpack-3.2.8/lib/action_dispatch/middleware/templates/rescues/_request_and_response.erb (1.0ms)
  Rendered C:/Ruby192/lib/ruby/gems/1.9.1/gems/actionpack-3.2.8/lib/action_dispatch/middleware/templates/rescues/diagnostics.erb within rescues/layout (25.5ms)


Started POST "/articles" for 127.0.0.1 at 2012-12-12 16:24:06 +0200
Processing by ArticlesController#create as HTML
  Parameters: {"utf8"=>"✓", "authenticity_token"=>"2PIIexZSHrVqWAPDq3vTd7vLpedgO7/slnbXpBVXgBY=", "article"=>{"title"=>"Hello", "description"=>"fgvhbmk,l", "image"=>"ewdfrgtfhj"}, "commit"=>"Create Article"}
Completed 500 Internal Server Error in 0ms

ActiveModel::MassAssignmentSecurity::Error (Can't mass-assign protected attributes: title, description, image):
  app/controllers/articles_controller.rb:43:in `new'
  app/controllers/articles_controller.rb:43:in `create'


  Rendered C:/Ruby192/lib/ruby/gems/1.9.1/gems/actionpack-3.2.8/lib/action_dispatch/middleware/templates/rescues/_trace.erb (1.0ms)
  Rendered C:/Ruby192/lib/ruby/gems/1.9.1/gems/actionpack-3.2.8/lib/action_dispatch/middleware/templates/rescues/_request_and_response.erb (1.0ms)
  Rendered C:/Ruby192/lib/ruby/gems/1.9.1/gems/actionpack-3.2.8/lib/action_dispatch/middleware/templates/rescues/diagnostics.erb within rescues/layout (25.0ms)


Started POST "/articles" for 127.0.0.1 at 2012-12-12 16:28:24 +0200
Processing by ArticlesController#create as HTML
  Parameters: {"utf8"=>"✓", "authenticity_token"=>"2PIIexZSHrVqWAPDq3vTd7vLpedgO7/slnbXpBVXgBY=", "article"=>{"title"=>"Hello", "description"=>"fgvhbmk,l", "image"=>"ewdfrgtfhj"}, "commit"=>"Create Article"}
  [1m[35m (0.0ms)[0m  begin transaction
  [1m[36mArticle Exists (0.0ms)[0m  [1mSELECT 1 AS one FROM "articles" WHERE "articles"."title" = 'Hello' LIMIT 1[0m
  [1m[35mSQL (1.0ms)[0m  INSERT INTO "articles" ("created_at", "description", "image", "title", "updated_at") VALUES (?, ?, ?, ?, ?)  [["created_at", Wed, 12 Dec 2012 14:28:24 UTC +00:00], ["description", "fgvhbmk,l"], ["image", "ewdfrgtfhj"], ["title", "Hello"], ["updated_at", Wed, 12 Dec 2012 14:28:24 UTC +00:00]]
  [1m[36m (84.0ms)[0m  [1mcommit transaction[0m
Redirected to http://localhost:3000/articles/1
Completed 302 Found in 269ms (ActiveRecord: 85.0ms)


Started GET "/articles/1" for 127.0.0.1 at 2012-12-12 16:28:24 +0200
Processing by ArticlesController#show as HTML
  Parameters: {"id"=>"1"}
  [1m[35mArticle Load (0.0ms)[0m  SELECT "articles".* FROM "articles" WHERE "articles"."id" = ? LIMIT 1  [["id", "1"]]
  Rendered articles/show.html.erb within layouts/application (1.0ms)
  [1m[36mUser Load (0.5ms)[0m  [1mSELECT "users".* FROM "users" WHERE "users"."id" = 1 LIMIT 1[0m
Completed 200 OK in 24ms (Views: 22.0ms | ActiveRecord: 1.0ms)


Started GET "/assets/application.css?body=1" for 127.0.0.1 at 2012-12-12 16:28:24 +0200
Served asset /application.css - 304 Not Modified (0ms)


Started GET "/assets/scaffolds.css?body=1" for 127.0.0.1 at 2012-12-12 16:28:24 +0200
Served asset /scaffolds.css - 304 Not Modified (0ms)


Started GET "/assets/articles.css?body=1" for 127.0.0.1 at 2012-12-12 16:28:24 +0200
Served asset /articles.css - 304 Not Modified (0ms)


Started GET "/assets/jquery.js?body=1" for 127.0.0.1 at 2012-12-12 16:28:24 +0200
Served asset /jquery.js - 304 Not Modified (0ms)


Started GET "/assets/home.css?body=1" for 127.0.0.1 at 2012-12-12 16:28:24 +0200
Served asset /home.css - 304 Not Modified (0ms)


Started GET "/assets/jquery_ujs.js?body=1" for 127.0.0.1 at 2012-12-12 16:28:24 +0200
Served asset /jquery_ujs.js - 304 Not Modified (0ms)


Started GET "/assets/articles.js?body=1" for 127.0.0.1 at 2012-12-12 16:28:24 +0200
Served asset /articles.js - 304 Not Modified (0ms)


Started GET "/assets/application.js?body=1" for 127.0.0.1 at 2012-12-12 16:28:24 +0200
Served asset /application.js - 304 Not Modified (0ms)


Started GET "/assets/home.js?body=1" for 127.0.0.1 at 2012-12-12 16:28:24 +0200
Served asset /home.js - 304 Not Modified (0ms)


Started GET "/articles" for 127.0.0.1 at 2012-12-12 16:28:46 +0200
Processing by ArticlesController#index as HTML
  [1m[35mArticle Load (0.5ms)[0m  SELECT "articles".* FROM "articles" 
  Rendered articles/index.html.erb within layouts/application (0.5ms)
  [1m[36mUser Load (0.5ms)[0m  [1mSELECT "users".* FROM "users" WHERE "users"."id" = 1 LIMIT 1[0m
Completed 200 OK in 12ms (Views: 10.5ms | ActiveRecord: 1.0ms)


Started GET "/assets/application.css?body=1" for 127.0.0.1 at 2012-12-12 16:28:46 +0200
Served asset /application.css - 304 Not Modified (0ms)


Started GET "/assets/scaffolds.css?body=1" for 127.0.0.1 at 2012-12-12 16:28:46 +0200
Served asset /scaffolds.css - 304 Not Modified (0ms)


Started GET "/assets/articles.css?body=1" for 127.0.0.1 at 2012-12-12 16:28:46 +0200
Served asset /articles.css - 304 Not Modified (0ms)


Started GET "/assets/home.css?body=1" for 127.0.0.1 at 2012-12-12 16:28:46 +0200
Served asset /home.css - 304 Not Modified (0ms)


Started GET "/assets/jquery.js?body=1" for 127.0.0.1 at 2012-12-12 16:28:46 +0200
Served asset /jquery.js - 304 Not Modified (0ms)


Started GET "/assets/jquery_ujs.js?body=1" for 127.0.0.1 at 2012-12-12 16:28:46 +0200
Served asset /jquery_ujs.js - 304 Not Modified (0ms)


Started GET "/assets/articles.js?body=1" for 127.0.0.1 at 2012-12-12 16:28:46 +0200
Served asset /articles.js - 304 Not Modified (0ms)


Started GET "/assets/home.js?body=1" for 127.0.0.1 at 2012-12-12 16:28:46 +0200
Served asset /home.js - 304 Not Modified (0ms)


Started GET "/assets/application.js?body=1" for 127.0.0.1 at 2012-12-12 16:28:46 +0200
Served asset /application.js - 304 Not Modified (0ms)


Started GET "/articles" for 127.0.0.1 at 2012-12-12 16:31:15 +0200
Processing by ArticlesController#index as HTML
  [1m[35mArticle Load (0.5ms)[0m  SELECT "articles".* FROM "articles" 
  Rendered articles/index.html.erb within layouts/application (0.5ms)
  [1m[36mUser Load (0.5ms)[0m  [1mSELECT "users".* FROM "users" WHERE "users"."id" = 1 LIMIT 1[0m
Completed 200 OK in 11ms (Views: 9.5ms | ActiveRecord: 1.0ms)


Started GET "/assets/home.css?body=1" for 127.0.0.1 at 2012-12-12 16:31:15 +0200
Served asset /home.css - 304 Not Modified (0ms)


Started GET "/assets/scaffolds.css?body=1" for 127.0.0.1 at 2012-12-12 16:31:15 +0200
Served asset /scaffolds.css - 304 Not Modified (0ms)


Started GET "/assets/application.css?body=1" for 127.0.0.1 at 2012-12-12 16:31:15 +0200
Served asset /application.css - 304 Not Modified (0ms)


Started GET "/assets/home.js?body=1" for 127.0.0.1 at 2012-12-12 16:31:15 +0200
Served asset /home.js - 304 Not Modified (0ms)


Started GET "/assets/jquery_ujs.js?body=1" for 127.0.0.1 at 2012-12-12 16:31:15 +0200
Served asset /jquery_ujs.js - 304 Not Modified (0ms)


Started GET "/assets/jquery.js?body=1" for 127.0.0.1 at 2012-12-12 16:31:15 +0200
Served asset /jquery.js - 304 Not Modified (0ms)


Started GET "/assets/articles.css?body=1" for 127.0.0.1 at 2012-12-12 16:31:15 +0200
Served asset /articles.css - 304 Not Modified (0ms)


Started GET "/assets/articles.js?body=1" for 127.0.0.1 at 2012-12-12 16:31:15 +0200
Served asset /articles.js - 304 Not Modified (0ms)


Started GET "/assets/application.js?body=1" for 127.0.0.1 at 2012-12-12 16:31:15 +0200
Served asset /application.js - 304 Not Modified (0ms)


Started GET "/articles" for 127.0.0.1 at 2012-12-12 16:39:47 +0200
Processing by ArticlesController#index as HTML
  [1m[35mArticle Load (0.0ms)[0m  SELECT "articles".* FROM "articles" 
  Rendered articles/index.html.erb within layouts/application (1.0ms)
  [1m[36mUser Load (0.0ms)[0m  [1mSELECT "users".* FROM "users" WHERE "users"."id" = 1 LIMIT 1[0m
Completed 200 OK in 12ms (Views: 11.5ms | ActiveRecord: 0.0ms)


Started GET "/assets/application.css?body=1" for 127.0.0.1 at 2012-12-12 16:39:47 +0200
Served asset /application.css - 304 Not Modified (0ms)


Started GET "/assets/scaffolds.css?body=1" for 127.0.0.1 at 2012-12-12 16:39:47 +0200
Served asset /scaffolds.css - 304 Not Modified (0ms)


Started GET "/assets/articles.css?body=1" for 127.0.0.1 at 2012-12-12 16:39:47 +0200
Served asset /articles.css - 304 Not Modified (0ms)


Started GET "/assets/home.css?body=1" for 127.0.0.1 at 2012-12-12 16:39:47 +0200
Served asset /home.css - 304 Not Modified (0ms)


Started GET "/assets/jquery.js?body=1" for 127.0.0.1 at 2012-12-12 16:39:47 +0200
Served asset /jquery.js - 304 Not Modified (0ms)


Started GET "/assets/jquery_ujs.js?body=1" for 127.0.0.1 at 2012-12-12 16:39:47 +0200
Served asset /jquery_ujs.js - 304 Not Modified (0ms)


Started GET "/assets/home.js?body=1" for 127.0.0.1 at 2012-12-12 16:39:47 +0200
Served asset /home.js - 304 Not Modified (0ms)


Started GET "/assets/articles.js?body=1" for 127.0.0.1 at 2012-12-12 16:39:47 +0200
Served asset /articles.js - 304 Not Modified (0ms)


Started GET "/assets/application.js?body=1" for 127.0.0.1 at 2012-12-12 16:39:47 +0200
Served asset /application.js - 304 Not Modified (0ms)


Started GET "/articles/new" for 127.0.0.1 at 2012-12-12 16:39:57 +0200
Processing by ArticlesController#new as HTML
  Rendered articles/_form.html.erb (2.0ms)
  Rendered articles/new.html.erb within layouts/application (4.0ms)
  [1m[35mUser Load (0.5ms)[0m  SELECT "users".* FROM "users" WHERE "users"."id" = 1 LIMIT 1
Completed 200 OK in 14ms (Views: 13.5ms | ActiveRecord: 0.5ms)


Started GET "/assets/home.css?body=1" for 127.0.0.1 at 2012-12-12 16:39:57 +0200
Served asset /home.css - 304 Not Modified (0ms)


Started GET "/assets/application.css?body=1" for 127.0.0.1 at 2012-12-12 16:39:57 +0200
Served asset /application.css - 304 Not Modified (0ms)


Started GET "/assets/scaffolds.css?body=1" for 127.0.0.1 at 2012-12-12 16:39:57 +0200
Served asset /scaffolds.css - 304 Not Modified (0ms)


Started GET "/assets/jquery_ujs.js?body=1" for 127.0.0.1 at 2012-12-12 16:39:57 +0200
Served asset /jquery_ujs.js - 304 Not Modified (0ms)


Started GET "/assets/jquery.js?body=1" for 127.0.0.1 at 2012-12-12 16:39:57 +0200
Served asset /jquery.js - 304 Not Modified (0ms)


Started GET "/assets/articles.css?body=1" for 127.0.0.1 at 2012-12-12 16:39:57 +0200
Served asset /articles.css - 304 Not Modified (0ms)


Started GET "/assets/articles.js?body=1" for 127.0.0.1 at 2012-12-12 16:39:57 +0200
Served asset /articles.js - 304 Not Modified (0ms)


Started GET "/assets/home.js?body=1" for 127.0.0.1 at 2012-12-12 16:39:57 +0200
Served asset /home.js - 304 Not Modified (0ms)


Started GET "/assets/application.js?body=1" for 127.0.0.1 at 2012-12-12 16:39:57 +0200
Served asset /application.js - 304 Not Modified (0ms)


Started POST "/articles" for 127.0.0.1 at 2012-12-12 16:40:07 +0200
Processing by ArticlesController#create as HTML
  Parameters: {"utf8"=>"✓", "authenticity_token"=>"2PIIexZSHrVqWAPDq3vTd7vLpedgO7/slnbXpBVXgBY=", "article"=>{"title"=>"Vero", "description"=>"Hello", "image"=>"r"}, "commit"=>"Create Article"}
  [1m[36m (0.0ms)[0m  [1mbegin transaction[0m
  [1m[35mArticle Exists (0.0ms)[0m  SELECT 1 AS one FROM "articles" WHERE "articles"."title" = 'Vero' LIMIT 1
  [1m[36mSQL (0.5ms)[0m  [1mINSERT INTO "articles" ("created_at", "description", "image", "title", "updated_at") VALUES (?, ?, ?, ?, ?)[0m  [["created_at", Wed, 12 Dec 2012 14:40:07 UTC +00:00], ["description", "Hello"], ["image", "r"], ["title", "Vero"], ["updated_at", Wed, 12 Dec 2012 14:40:07 UTC +00:00]]
  [1m[35m (134.0ms)[0m  commit transaction
Redirected to http://localhost:3000/articles/2
Completed 302 Found in 138ms (ActiveRecord: 134.5ms)


Started GET "/articles/2" for 127.0.0.1 at 2012-12-12 16:40:07 +0200
Processing by ArticlesController#show as HTML
  Parameters: {"id"=>"2"}
  [1m[36mArticle Load (0.0ms)[0m  [1mSELECT "articles".* FROM "articles" WHERE "articles"."id" = ? LIMIT 1[0m  [["id", "2"]]
  Rendered articles/show.html.erb within layouts/application (0.5ms)
  [1m[35mUser Load (0.5ms)[0m  SELECT "users".* FROM "users" WHERE "users"."id" = 1 LIMIT 1
Completed 200 OK in 12ms (Views: 10.0ms | ActiveRecord: 0.5ms)


Started GET "/assets/home.css?body=1" for 127.0.0.1 at 2012-12-12 16:40:07 +0200
Served asset /home.css - 304 Not Modified (0ms)


Started GET "/assets/application.css?body=1" for 127.0.0.1 at 2012-12-12 16:40:07 +0200
Served asset /application.css - 304 Not Modified (0ms)


Started GET "/assets/articles.css?body=1" for 127.0.0.1 at 2012-12-12 16:40:07 +0200
Served asset /articles.css - 304 Not Modified (0ms)


Started GET "/assets/jquery_ujs.js?body=1" for 127.0.0.1 at 2012-12-12 16:40:07 +0200
Served asset /jquery_ujs.js - 304 Not Modified (0ms)


Started GET "/assets/scaffolds.css?body=1" for 127.0.0.1 at 2012-12-12 16:40:07 +0200
Served asset /scaffolds.css - 304 Not Modified (0ms)


Started GET "/assets/articles.js?body=1" for 127.0.0.1 at 2012-12-12 16:40:07 +0200
Served asset /articles.js - 304 Not Modified (0ms)


Started GET "/assets/jquery.js?body=1" for 127.0.0.1 at 2012-12-12 16:40:07 +0200
Served asset /jquery.js - 304 Not Modified (0ms)


Started GET "/assets/home.js?body=1" for 127.0.0.1 at 2012-12-12 16:40:07 +0200
Served asset /home.js - 304 Not Modified (0ms)


Started GET "/assets/application.js?body=1" for 127.0.0.1 at 2012-12-12 16:40:07 +0200
Served asset /application.js - 304 Not Modified (0ms)


Started GET "/articles" for 127.0.0.1 at 2012-12-12 16:40:11 +0200
Processing by ArticlesController#index as HTML
  [1m[36mArticle Load (0.0ms)[0m  [1mSELECT "articles".* FROM "articles" [0m
  Rendered articles/index.html.erb within layouts/application (1.5ms)
  [1m[35mUser Load (0.0ms)[0m  SELECT "users".* FROM "users" WHERE "users"."id" = 1 LIMIT 1
Completed 200 OK in 11ms (Views: 10.5ms | ActiveRecord: 0.0ms)


Started GET "/assets/articles.css?body=1" for 127.0.0.1 at 2012-12-12 16:40:11 +0200
Served asset /articles.css - 304 Not Modified (0ms)


Started GET "/assets/home.css?body=1" for 127.0.0.1 at 2012-12-12 16:40:11 +0200
Served asset /home.css - 304 Not Modified (0ms)


Started GET "/assets/jquery_ujs.js?body=1" for 127.0.0.1 at 2012-12-12 16:40:11 +0200
Served asset /jquery_ujs.js - 304 Not Modified (0ms)


Started GET "/assets/application.css?body=1" for 127.0.0.1 at 2012-12-12 16:40:11 +0200
Served asset /application.css - 304 Not Modified (0ms)


Started GET "/assets/jquery.js?body=1" for 127.0.0.1 at 2012-12-12 16:40:11 +0200
Served asset /jquery.js - 304 Not Modified (0ms)


Started GET "/assets/scaffolds.css?body=1" for 127.0.0.1 at 2012-12-12 16:40:12 +0200
Served asset /scaffolds.css - 304 Not Modified (0ms)


Started GET "/assets/articles.js?body=1" for 127.0.0.1 at 2012-12-12 16:40:12 +0200
Served asset /articles.js - 304 Not Modified (0ms)


Started GET "/assets/application.js?body=1" for 127.0.0.1 at 2012-12-12 16:40:12 +0200
Served asset /application.js - 304 Not Modified (1ms)


Started GET "/assets/home.js?body=1" for 127.0.0.1 at 2012-12-12 16:40:12 +0200
Served asset /home.js - 304 Not Modified (0ms)


Started GET "/articles" for 127.0.0.1 at 2012-12-12 16:40:36 +0200
Processing by ArticlesController#index as HTML
  [1m[36mArticle Load (0.0ms)[0m  [1mSELECT "articles".* FROM "articles" [0m
  Rendered articles/index.html.erb within layouts/application (1.5ms)
  [1m[35mUser Load (0.5ms)[0m  SELECT "users".* FROM "users" WHERE "users"."id" = 1 LIMIT 1
Completed 200 OK in 13ms (Views: 11.0ms | ActiveRecord: 0.5ms)


Started GET "/assets/scaffolds.css?body=1" for 127.0.0.1 at 2012-12-12 16:40:36 +0200
Served asset /scaffolds.css - 304 Not Modified (0ms)


Started GET "/assets/home.css?body=1" for 127.0.0.1 at 2012-12-12 16:40:36 +0200
Served asset /home.css - 304 Not Modified (0ms)


Started GET "/assets/application.css?body=1" for 127.0.0.1 at 2012-12-12 16:40:36 +0200
Served asset /application.css - 304 Not Modified (0ms)


Started GET "/assets/jquery_ujs.js?body=1" for 127.0.0.1 at 2012-12-12 16:40:36 +0200
Served asset /jquery_ujs.js - 304 Not Modified (0ms)


Started GET "/assets/articles.css?body=1" for 127.0.0.1 at 2012-12-12 16:40:36 +0200
Served asset /articles.css - 304 Not Modified (0ms)


Started GET "/assets/jquery.js?body=1" for 127.0.0.1 at 2012-12-12 16:40:36 +0200
Served asset /jquery.js - 304 Not Modified (0ms)


Started GET "/assets/articles.js?body=1" for 127.0.0.1 at 2012-12-12 16:40:36 +0200
Served asset /articles.js - 304 Not Modified (0ms)


Started GET "/assets/home.js?body=1" for 127.0.0.1 at 2012-12-12 16:40:36 +0200
Served asset /home.js - 304 Not Modified (0ms)


Started GET "/assets/application.js?body=1" for 127.0.0.1 at 2012-12-12 16:40:36 +0200
Served asset /application.js - 304 Not Modified (0ms)


Started GET "/articles/new" for 127.0.0.1 at 2012-12-12 16:43:46 +0200
Processing by ArticlesController#new as HTML
  Rendered articles/_form.html.erb (2.0ms)
  Rendered articles/new.html.erb within layouts/application (3.5ms)
  [1m[36mUser Load (0.5ms)[0m  [1mSELECT "users".* FROM "users" WHERE "users"."id" = 1 LIMIT 1[0m
Completed 200 OK in 14ms (Views: 13.0ms | ActiveRecord: 0.5ms)


Started GET "/assets/articles.css?body=1" for 127.0.0.1 at 2012-12-12 16:43:46 +0200
Served asset /articles.css - 304 Not Modified (0ms)


Started GET "/assets/scaffolds.css?body=1" for 127.0.0.1 at 2012-12-12 16:43:46 +0200
Served asset /scaffolds.css - 304 Not Modified (0ms)


Started GET "/assets/jquery.js?body=1" for 127.0.0.1 at 2012-12-12 16:43:46 +0200
Served asset /jquery.js - 304 Not Modified (0ms)


Started GET "/assets/application.css?body=1" for 127.0.0.1 at 2012-12-12 16:43:46 +0200
Served asset /application.css - 304 Not Modified (0ms)


Started GET "/assets/home.css?body=1" for 127.0.0.1 at 2012-12-12 16:43:46 +0200
Served asset /home.css - 304 Not Modified (0ms)


Started GET "/assets/jquery_ujs.js?body=1" for 127.0.0.1 at 2012-12-12 16:43:46 +0200
Served asset /jquery_ujs.js - 304 Not Modified (0ms)


Started GET "/assets/articles.js?body=1" for 127.0.0.1 at 2012-12-12 16:43:46 +0200
Served asset /articles.js - 304 Not Modified (0ms)


Started GET "/assets/application.js?body=1" for 127.0.0.1 at 2012-12-12 16:43:46 +0200
Served asset /application.js - 304 Not Modified (0ms)


Started GET "/assets/home.js?body=1" for 127.0.0.1 at 2012-12-12 16:43:46 +0200
Served asset /home.js - 304 Not Modified (0ms)


Started POST "/articles" for 127.0.0.1 at 2012-12-12 16:43:48 +0200
Processing by ArticlesController#create as HTML
  Parameters: {"utf8"=>"✓", "authenticity_token"=>"2PIIexZSHrVqWAPDq3vTd7vLpedgO7/slnbXpBVXgBY=", "article"=>{"title"=>"", "description"=>"", "image"=>""}, "commit"=>"Create Article"}
  [1m[35m (0.0ms)[0m  begin transaction
  [1m[36mArticle Exists (0.0ms)[0m  [1mSELECT 1 AS one FROM "articles" WHERE "articles"."title" = '' LIMIT 1[0m
  [1m[35m (0.0ms)[0m  rollback transaction
  Rendered articles/_form.html.erb (3.0ms)
  Rendered articles/new.html.erb within layouts/application (5.5ms)
  [1m[36mUser Load (0.5ms)[0m  [1mSELECT "users".* FROM "users" WHERE "users"."id" = 1 LIMIT 1[0m
Completed 200 OK in 18ms (Views: 14.5ms | ActiveRecord: 0.5ms)


Started GET "/assets/articles.js?body=1" for 127.0.0.1 at 2012-12-12 16:43:48 +0200
Served asset /articles.js - 304 Not Modified (0ms)


Started GET "/assets/scaffolds.css?body=1" for 127.0.0.1 at 2012-12-12 16:43:48 +0200
Served asset /scaffolds.css - 304 Not Modified (0ms)


Started GET "/assets/jquery.js?body=1" for 127.0.0.1 at 2012-12-12 16:43:48 +0200
Served asset /jquery.js - 304 Not Modified (0ms)


Started GET "/assets/home.css?body=1" for 127.0.0.1 at 2012-12-12 16:43:48 +0200
Served asset /home.css - 304 Not Modified (0ms)


Started GET "/assets/application.css?body=1" for 127.0.0.1 at 2012-12-12 16:43:48 +0200
Served asset /application.css - 304 Not Modified (0ms)


Started GET "/assets/articles.css?body=1" for 127.0.0.1 at 2012-12-12 16:43:48 +0200
Served asset /articles.css - 304 Not Modified (0ms)


Started GET "/assets/jquery_ujs.js?body=1" for 127.0.0.1 at 2012-12-12 16:43:48 +0200
Served asset /jquery_ujs.js - 304 Not Modified (0ms)


Started GET "/assets/home.js?body=1" for 127.0.0.1 at 2012-12-12 16:43:48 +0200
Served asset /home.js - 304 Not Modified (0ms)


Started GET "/assets/application.js?body=1" for 127.0.0.1 at 2012-12-12 16:43:48 +0200
Served asset /application.js - 304 Not Modified (0ms)


Started GET "/articles" for 127.0.0.1 at 2012-12-12 16:43:50 +0200
Processing by ArticlesController#index as HTML
  [1m[35mArticle Load (0.0ms)[0m  SELECT "articles".* FROM "articles" 
  Rendered articles/index.html.erb within layouts/application (1.0ms)
  [1m[36mUser Load (0.5ms)[0m  [1mSELECT "users".* FROM "users" WHERE "users"."id" = 1 LIMIT 1[0m
Completed 200 OK in 11ms (Views: 10.0ms | ActiveRecord: 0.5ms)


Started GET "/assets/home.css?body=1" for 127.0.0.1 at 2012-12-12 16:43:50 +0200
Served asset /home.css - 304 Not Modified (0ms)


Started GET "/assets/application.css?body=1" for 127.0.0.1 at 2012-12-12 16:43:50 +0200
Served asset /application.css - 304 Not Modified (0ms)


Started GET "/assets/articles.css?body=1" for 127.0.0.1 at 2012-12-12 16:43:50 +0200
Served asset /articles.css - 304 Not Modified (0ms)


Started GET "/assets/jquery_ujs.js?body=1" for 127.0.0.1 at 2012-12-12 16:43:50 +0200
Served asset /jquery_ujs.js - 304 Not Modified (0ms)


Started GET "/assets/scaffolds.css?body=1" for 127.0.0.1 at 2012-12-12 16:43:50 +0200
Served asset /scaffolds.css - 304 Not Modified (0ms)


Started GET "/assets/jquery.js?body=1" for 127.0.0.1 at 2012-12-12 16:43:50 +0200
Served asset /jquery.js - 304 Not Modified (0ms)


Started GET "/assets/home.js?body=1" for 127.0.0.1 at 2012-12-12 16:43:50 +0200
Served asset /home.js - 304 Not Modified (0ms)


Started GET "/assets/articles.js?body=1" for 127.0.0.1 at 2012-12-12 16:43:50 +0200
Served asset /articles.js - 304 Not Modified (0ms)


Started GET "/assets/application.js?body=1" for 127.0.0.1 at 2012-12-12 16:43:50 +0200
Served asset /application.js - 304 Not Modified (1ms)
Connecting to database specified by database.yml
